
> crowdjigsaw@3.0.0 test /home/weiyuhan/git/CrowdJigsaw
> nodemon ./app.js

[33m[nodemon] 1.12.7[39m
[33m[nodemon] to restart at any time, enter `rs`[39m
[33m[nodemon] watching: *.*[39m
[32m[nodemon] starting `node ./app.js`[39m
events.js:183
      throw er; // Unhandled 'error' event
      ^

Error: EBADF: bad file descriptor, read
npm ERR! Test failed.  See above for more details.

> crowdjigsaw@3.0.0 test /home/weiyuhan/git/CrowdJigsaw
> nodemon ./app.js

[33m[nodemon] 1.12.7[39m
[33m[nodemon] to restart at any time, enter `rs`[39m
[33m[nodemon] watching: *.*[39m
[32m[nodemon] starting `node ./app.js`[39m
events.js:183
      throw er; // Unhandled 'error' event
      ^

Error: EBADF: bad file descriptor, read
npm ERR! Test failed.  See above for more details.
